<?xml version="1.0" encoding="UTF-8"?>
<!-- Generated by org.testng.reporters.JUnitXMLReporter -->
<testsuite ignored="11" hostname="LCO-PF25Q7P7" failures="0" tests="1" name="Regresion por groups" time="0.049" errors="0" timestamp="2023-11-02T17:51:09 COT">
  <testcase classname="Sesion16.day2" name="prueba3" time="0.006"/>
  <testcase classname="Sesion16.day3" name="weblogincar" time="0.0">
    <ignored/>
  </testcase> <!-- weblogincar -->
  <testcase classname="Sesion16.day3" name="rapido" time="0.0">
    <ignored/>
  </testcase> <!-- rapido -->
  <testcase classname="Sesion16.day4" name="webhomelogin" time="0.0">
    <ignored/>
  </testcase> <!-- webhomelogin -->
  <testcase classname="Sesion16.day3" name="LoginAPIHomecarLoan" time="0.0">
    <ignored/>
  </testcase> <!-- LoginAPIHomecarLoan -->
  <testcase classname="Sesion16.day4" name="MobileLoginhome" time="0.0">
    <ignored/>
  </testcase> <!-- MobileLoginhome -->
  <testcase classname="Sesion16.day4" name="LoginAPIHomecar" time="0.0">
    <ignored/>
  </testcase> <!-- LoginAPIHomecar -->
  <testcase classname="Sesion16.day1" name="secondTest" time="0.0">
    <ignored/>
  </testcase> <!-- secondTest -->
  <testcase classname="Sesion16.day1" name="aftersuit" time="0.0">
    <ignored/>
  </testcase> <!-- aftersuit -->
  <testcase classname="Sesion16.day3" name="MobileSingOutLoad" time="0.0">
    <ignored/>
  </testcase> <!-- MobileSingOutLoad -->
  <testcase classname="Sesion16.day3" name="MobileLogincarLoan" time="0.0">
    <ignored/>
  </testcase> <!-- MobileLogincarLoan -->
  <testcase classname="Sesion16.day3" name="MobileSibgInLoan" time="0.0">
    <ignored/>
  </testcase> <!-- MobileSibgInLoan -->
</testsuite> <!-- Regresion por groups -->
