<?xml version="1.0" encoding="UTF-8"?>
<!-- Generated by org.testng.reporters.JUnitXMLReporter -->
<testsuite ignored="3" hostname="LCO-PF25Q7P7" failures="0" tests="2" name="Solo la de Mobile" time="0.006" errors="0" timestamp="2023-11-02T10:06:44 COT">
  <testcase classname="Sesion16.day3" name="LoginAPIHomecarLoan" time="0.001"/>
  <testcase classname="Sesion16.day3" name="weblogincar" time="0.001"/>
  <testcase classname="Sesion16.day3" name="MobileSingOutLoad" time="0.0">
    <ignored/>
  </testcase> <!-- MobileSingOutLoad -->
  <testcase classname="Sesion16.day3" name="MobileLogincarLoan" time="0.0">
    <ignored/>
  </testcase> <!-- MobileLogincarLoan -->
  <testcase classname="Sesion16.day3" name="MobileSibgInLoan" time="0.0">
    <ignored/>
  </testcase> <!-- MobileSibgInLoan -->
</testsuite> <!-- Solo la de Mobile -->
