<?xml version="1.0" encoding="UTF-8"?>
<!-- Generated by org.testng.reporters.JUnitXMLReporter -->
<testsuite ignored="1" hostname="LCO-PF25Q7P7" failures="0" tests="15" name="TODAS LAS CLASES" time="0.124" errors="0" timestamp="2023-11-03T09:12:45 COT">
  <testcase classname="Sesion16.day1" name="@BeforeMethod demo" time="0.003">
    <failure type="java.lang.AssertionError" message="expected [true] but found [false]">
      <![CDATA[java.lang.AssertionError: expected [true] but found [false]
at Sesion16.day1.demo(day1.java:36)
at java.base/java.util.ArrayList.forEach(ArrayList.java:1511)
at java.base/java.util.concurrent.FutureTask.run(FutureTask.java:264)
at java.base/java.util.concurrent.ThreadPoolExecutor.runWorker(ThreadPoolExecutor.java:1136)
at java.base/java.util.concurrent.ThreadPoolExecutor$Worker.run(ThreadPoolExecutor.java:635)
at java.base/java.lang.Thread.run(Thread.java:833)
... Removed 26 stack frames]]>
    </failure>
  </testcase> <!-- @BeforeMethod demo -->
  <testcase classname="Sesion16.day1" name="@BeforeMethod demo" time="-1.699020765677E9">
    <skipped/>
  </testcase> <!-- @BeforeMethod demo -->
  <testcase classname="Sesion16.day1" name="@AfterTest lastexcution" time="-1.699020765752E9">
    <skipped/>
  </testcase> <!-- @AfterTest lastexcution -->
  <testcase classname="Sesion16.day1" name="aftersuit" time="0.0">
    <skipped/>
  </testcase> <!-- aftersuit -->
  <testcase classname="Sesion16.day1" name="secondTest" time="0.0">
    <skipped/>
  </testcase> <!-- secondTest -->
  <testcase classname="Sesion16.day2" name="prueba3" time="0.002"/>
  <testcase classname="Sesion16.day3" name="MobileLogincarLoan" time="0.006"/>
  <testcase classname="Sesion16.day3" name="MobileSingOutCarLoan" time="0.005"/>
  <testcase classname="Sesion16.day3" name="MobileSingOutCarLoan" time="0.002"/>
  <testcase classname="Sesion16.day3" name="MobileSingOutCarLoan" time="0.001"/>
  <testcase classname="Sesion16.day3" name="weblogincartLoart" time="0.003"/>
  <testcase classname="Sesion16.day3" name="LoginAPIHomecarLoan" time="0.001"/>
  <testcase classname="Sesion16.day3" name="MobileSingOutLoad" time="0.001"/>
  <testcase classname="Sesion16.day3" name="rapido" time="0.001"/>
  <testcase classname="Sesion16.day3" name="weblogincar" time="0.001"/>
  <testcase classname="Sesion16.day4" name="LoginAPIHomecar" time="0.001"/>
  <testcase classname="Sesion16.day4" name="MobileLoginhome" time="0.001"/>
  <testcase classname="Sesion16.day3" name="APICarLoan" time="0.001"/>
  <testcase classname="Sesion16.day3" name="MobileSibgInLoan" time="0.0">
    <ignored/>
  </testcase> <!-- MobileSibgInLoan -->
</testsuite> <!-- TODAS LAS CLASES -->
