<?xml version="1.0" encoding="UTF-8"?>
<!-- Generated by org.testng.reporters.JUnitXMLReporter -->
<testsuite ignored="1" hostname="LCO-PF25Q7P7" failures="0" tests="10" name="Default test" time="0.068" errors="0" timestamp="2023-11-03T10:53:19 COT">
  <testcase classname="Sesion16.day3" name="MobileLogincarLoan" time="0.004"/>
  <testcase classname="Sesion16.day3" name="weblogincartLoart" time="0.001"/>
  <testcase classname="Sesion16.day3" name="LoginAPIHomecarLoan" time="0.002"/>
  <testcase classname="Sesion16.day3" name="MobileSingOutCarLoan" time="0.002"/>
  <testcase classname="Sesion16.day3" name="MobileSingOutCarLoan" time="0.001"/>
  <testcase classname="Sesion16.day3" name="MobileSingOutCarLoan" time="0.001"/>
  <testcase classname="Sesion16.day3" name="MobileSingOutLoad" time="0.002"/>
  <testcase classname="Sesion16.day3" name="rapido" time="0.001"/>
  <testcase classname="Sesion16.day3" name="weblogincar" time="0.001"/>
  <testcase classname="Sesion16.day3" name="APICarLoan" time="0.001"/>
  <testcase classname="Sesion16.day3" name="MobileSibgInLoan" time="0.0">
    <ignored/>
  </testcase> <!-- MobileSibgInLoan -->
</testsuite> <!-- Default test -->
