<?xml version="1.0" encoding="UTF-8"?>
<testng-results ignored="0" total="2" passed="2" failed="0" skipped="0">
  <reporter-output>
  </reporter-output>
  <suite started-at="2023-11-24T17:06:35 COT" name="Suite" finished-at="2023-11-24T17:07:17 COT" duration-ms="41248">
    <groups>
      <group name="Purchase">
        <method signature="SubmitOrderTest.submitOrder(java.util.HashMap)[pri:0, instance:rahultshettyacademy.test.SubmitOrderTest@45099dd3]" name="submitOrder" class="rahultshettyacademy.test.SubmitOrderTest"/>
      </group> <!-- Purchase -->
    </groups>
    <test started-at="2023-11-24T17:06:35 COT" name="Error Validationt" finished-at="2023-11-24T17:06:35 COT" duration-ms="17">
    </test> <!-- Error Validationt -->
    <test started-at="2023-11-24T17:06:35 COT" name="Submit Order Test" finished-at="2023-11-24T17:07:17 COT" duration-ms="41248">
      <class name="rahultshettyacademy.test.SubmitOrderTest">
        <test-method is-config="true" signature="launchApplication()[pri:0, instance:rahultshettyacademy.test.SubmitOrderTest@45099dd3]" started-at="2023-11-24T17:06:36 COT" name="launchApplication" finished-at="2023-11-24T17:06:59 COT" duration-ms="22886" status="PASS">
          <reporter-output>
          </reporter-output>
        </test-method> <!-- launchApplication -->
        <test-method signature="submitOrder(java.util.HashMap)[pri:0, instance:rahultshettyacademy.test.SubmitOrderTest@45099dd3]" started-at="2023-11-24T17:06:59 COT" name="submitOrder" data-provider="getData" finished-at="2023-11-24T17:07:04 COT" duration-ms="4372" status="PASS">
          <params>
            <param index="0">
              <value>
                <![CDATA[{password=Katherine2023*, product=ZARA COAT 3, email=katherine-melissa.urrego@capgemini.com}]]>
              </value>
            </param>
          </params>
          <reporter-output>
          </reporter-output>
        </test-method> <!-- submitOrder -->
        <test-method is-config="true" signature="tearDown()[pri:0, instance:rahultshettyacademy.test.SubmitOrderTest@45099dd3]" started-at="2023-11-24T17:07:04 COT" name="tearDown" finished-at="2023-11-24T17:07:04 COT" duration-ms="158" status="PASS">
          <reporter-output>
          </reporter-output>
        </test-method> <!-- tearDown -->
        <test-method is-config="true" signature="launchApplication()[pri:0, instance:rahultshettyacademy.test.SubmitOrderTest@45099dd3]" started-at="2023-11-24T17:07:04 COT" name="launchApplication" finished-at="2023-11-24T17:07:11 COT" duration-ms="7080" status="PASS">
          <reporter-output>
          </reporter-output>
        </test-method> <!-- launchApplication -->
        <test-method signature="submitOrder(java.util.HashMap)[pri:0, instance:rahultshettyacademy.test.SubmitOrderTest@45099dd3]" started-at="2023-11-24T17:07:11 COT" name="submitOrder" data-provider="getData" finished-at="2023-11-24T17:07:16 COT" duration-ms="5369" status="PASS">
          <params>
            <param index="0">
              <value>
                <![CDATA[{password=Katherine2023*, product=ADIDAS ORIGINAL, email=katherine-melissa.urrego@capgemini.com}]]>
              </value>
            </param>
          </params>
          <reporter-output>
          </reporter-output>
        </test-method> <!-- submitOrder -->
        <test-method is-config="true" signature="tearDown()[pri:0, instance:rahultshettyacademy.test.SubmitOrderTest@45099dd3]" started-at="2023-11-24T17:07:16 COT" name="tearDown" finished-at="2023-11-24T17:07:17 COT" duration-ms="258" status="PASS">
          <reporter-output>
          </reporter-output>
        </test-method> <!-- tearDown -->
      </class> <!-- rahultshettyacademy.test.SubmitOrderTest -->
    </test> <!-- Submit Order Test -->
  </suite> <!-- Suite -->
</testng-results>
