<?xml version="1.0" encoding="UTF-8"?>
<!-- Generated by org.testng.reporters.JUnitXMLReporter -->
<testsuite ignored="5" hostname="LCO-2ZKW4M3" failures="0" tests="0" time="0.002" errors="0" timestamp="2023-11-01T21:47:17 COT">
  <testcase classname="Seccion16.V135ExecutingTestCasesAtPackageLevelWregex" name="MobileSingoutCarLoan" time="0.0">
    <ignored/>
  </testcase> <!-- MobileSingoutCarLoan -->
  <testcase classname="Seccion16.V135ExecutingTestCasesAtPackageLevelWregex" name="MobileSigninCarLoan" time="0.0">
    <ignored/>
  </testcase> <!-- MobileSigninCarLoan -->
  <testcase classname="Seccion16.V135ExecutingTestCasesAtPackageLevelWregex" name="MobileLogoutCarLoan" time="0.0">
    <ignored/>
  </testcase> <!-- MobileLogoutCarLoan -->
  <testcase classname="Seccion16.V135ExecutingTestCasesAtPackageLevelWregex" name="MobileLoginCarLoanHome" time="0.0">
    <ignored/>
  </testcase> <!-- MobileLoginCarLoanHome -->
  <testcase classname="Seccion16.V135ExecutingTestCasesAtPackageLevelWregex" name="MobileLoadingCarLoan" time="0.0">
    <ignored/>
  </testcase> <!-- MobileLoadingCarLoan -->
</testsuite>
