<?xml version="1.0" encoding="UTF-8"?>
<!-- Generated by org.testng.reporters.JUnitXMLReporter -->
<testsuite ignored="1" hostname="LCO-2ZKW4M3" failures="0" tests="3" name="Personal Loan" time="0.073" errors="0" timestamp="2023-11-01T21:47:16 COT">
  <testcase classname="Seccion16.V132ImportanceXmlFileInTestingConfig" name="Demo" time="0.009"/>
  <testcase classname="Seccion16.V138GroupsFuncionalityInTestNg" name="MobileLogincarLoan" time="0.003"/>
  <testcase classname="Seccion16.V138GroupsFuncionalityInTestNg" name="ploan" time="0.001"/>
  <testcase classname="Seccion16.V132ImportanceXmlFileInTestingConfig" name="SecondTest" time="0.0">
    <ignored/>
  </testcase> <!-- SecondTest -->
</testsuite> <!-- Personal Loan -->
