<?xml version="1.0" encoding="UTF-8"?>
<!-- Generated by org.testng.reporters.JUnitXMLReporter -->
<testsuite ignored="8" hostname="LCO-2ZKW4M3" failures="0" tests="4" name="Regreday" time="0.063" errors="0" timestamp="2023-11-03T16:22:57 COT">
  <testcase classname="Seccion16.day1" name="DemoDay" time="0.007"/>
  <testcase classname="Seccion16.day2" name="ploan" time="0.001"/>
  <testcase classname="Seccion16.day3" name="MobileLogincarLoan" time="0.002"/>
  <testcase classname="Seccion16.day4" name="MobileLoginHomeLoanGroups" time="0.002"/>
  <testcase classname="Seccion16.day3" name="MobilesignimcarLoan" time="0.0">
    <ignored/>
  </testcase> <!-- MobilesignimcarLoan -->
  <testcase classname="Seccion16.day3" name="APIcarLoan" time="0.0">
    <ignored/>
  </testcase> <!-- APIcarLoan -->
  <testcase classname="Seccion16.day4" name="LoginAPIHomeLoanGroups" time="0.0">
    <ignored/>
  </testcase> <!-- LoginAPIHomeLoanGroups -->
  <testcase classname="Seccion16.day1" name="SecondTestDay" time="0.0">
    <ignored/>
  </testcase> <!-- SecondTestDay -->
  <testcase classname="Seccion16.day4" name="Dinamicos" time="0.0">
    <ignored/>
  </testcase> <!-- Dinamicos -->
  <testcase classname="Seccion16.day3" name="WebloginCarLoan" time="0.0">
    <ignored/>
  </testcase> <!-- WebloginCarLoan -->
  <testcase classname="Seccion16.day4" name="WebloginHomeLoanGroups" time="0.0">
    <ignored/>
  </testcase> <!-- WebloginHomeLoanGroups -->
  <testcase classname="Seccion16.day3" name="MobilesignoutcarLoan" time="0.0">
    <ignored/>
  </testcase> <!-- MobilesignoutcarLoan -->
</testsuite> <!-- Regreday -->
