<?xml version="1.0" encoding="UTF-8"?>
<!-- Generated by org.testng.reporters.JUnitXMLReporter -->
<testsuite ignored="8" hostname="LCO-2ZKW4M3" failures="1" tests="4" name="Regression" time="0.095" errors="0" timestamp="2023-11-01T22:07:52 COT">
  <testcase classname="Seccion16.day1" name="Demo" time="0.01">
    <failure type="java.lang.AssertionError" message="expected [true] but found [false]">
      <![CDATA[java.lang.AssertionError: expected [true] but found [false]
at Seccion16.day1.Demo(day1.java:22)
at java.base/java.util.ArrayList.forEach(ArrayList.java:1511)
... Removed 31 stack frames]]>
    </failure>
  </testcase> <!-- Demo -->
  <testcase classname="Seccion16.day2" name="ploan" time="0.001"/>
  <testcase classname="Seccion16.day3" name="MobileLogincarLoan" time="0.002"/>
  <testcase classname="Seccion16.day4" name="MobileLoginHomeLoanGroups" time="0.001"/>
  <testcase classname="Seccion16.day3" name="MobilesignimcarLoan" time="0.0">
    <ignored/>
  </testcase> <!-- MobilesignimcarLoan -->
  <testcase classname="Seccion16.day1" name="SecondTest" time="0.0">
    <ignored/>
  </testcase> <!-- SecondTest -->
  <testcase classname="Seccion16.day3" name="APIcarLoan" time="0.0">
    <ignored/>
  </testcase> <!-- APIcarLoan -->
  <testcase classname="Seccion16.day4" name="LoginAPIHomeLoanGroups" time="0.0">
    <ignored/>
  </testcase> <!-- LoginAPIHomeLoanGroups -->
  <testcase classname="Seccion16.day4" name="Dinamicos" time="0.0">
    <ignored/>
  </testcase> <!-- Dinamicos -->
  <testcase classname="Seccion16.day4" name="WebloginHomeLoan" time="0.0">
    <ignored/>
  </testcase> <!-- WebloginHomeLoan -->
  <testcase classname="Seccion16.day3" name="WebloginCarLoan" time="0.0">
    <ignored/>
  </testcase> <!-- WebloginCarLoan -->
  <testcase classname="Seccion16.day3" name="MobilesignoutcarLoan" time="0.0">
    <ignored/>
  </testcase> <!-- MobilesignoutcarLoan -->
</testsuite> <!-- Regression -->
