<?xml version="1.0" encoding="UTF-8"?>
<!-- Generated by org.testng.reporters.JUnitXMLReporter -->
<testsuite ignored="0" hostname="LCO-2ZKW4M3" failures="1" tests="1" name="RegressionV" time="0.074" errors="0" timestamp="2023-11-03T13:07:32 COT">
  <testcase classname="Seccion16.V141DataProviderAnnotation" name="Wvideo" time="0.0">
    <failure type="org.testng.TestNGException" message="
Parameter &amp;apos;URL&amp;apos; is required by @Test on method Wvideo but has not been marked @Optional or defined
in C:\Users\KURREGO\eclipse-workspace\Seccion16\testng3.xml">
      <![CDATA[org.testng.TestNGException: 
Parameter 'URL' is required by @Test on method Wvideo but has not been marked @Optional or defined
in C:\Users\KURREGO\eclipse-workspace\Seccion16\testng3.xml
at java.base/java.util.ArrayList.forEach(ArrayList.java:1511)
... Removed 26 stack frames]]>
    </failure>
  </testcase> <!-- Wvideo -->
</testsuite> <!-- RegressionV -->
