<?xml version="1.0" encoding="UTF-8"?>
<!-- Generated by org.testng.reporters.JUnitXMLReporter -->
<testsuite ignored="0" hostname="LCO-2ZKW4M3" failures="0" tests="4" name="test141" time="0.144" errors="0" timestamp="2023-11-03T17:44:34 COT">
  <testcase classname="Seccion16.V142DataProviderAnnotationParteDos" name="MobilesignoutcarLoan" time="0.015"/>
  <testcase classname="Seccion16.V142DataProviderAnnotationParteDos" name="MobilesignoutcarLoan" time="0.002"/>
  <testcase classname="Seccion16.V142DataProviderAnnotationParteDos" name="MobilesignoutcarLoan" time="0.001"/>
  <testcase classname="Seccion16.V142DataProviderAnnotationParteDos" name="APIcarLoan" time="0.001"/>
</testsuite> <!-- test141 -->
