<?xml version="1.0" encoding="UTF-8"?>
<!-- Generated by org.testng.reporters.JUnitXMLReporter -->
<testsuite ignored="1" hostname="LCO-2ZKW4M3" failures="0" tests="2" name="Test" time="0.097" errors="0" timestamp="2023-11-01T16:38:51 COT">
  <testcase classname="Seccion16.V131RunningTestcasesInTestNG" name="DemoUno" time="0.013"/>
  <testcase classname="Seccion16.V132ImportanceXmlFileInTestingConfig" name="Demo" time="0.002"/>
  <testcase classname="Seccion16.V132ImportanceXmlFileInTestingConfig" name="SecondTest" time="0.0">
    <ignored/>
  </testcase> <!-- SecondTest -->
</testsuite> <!-- Test -->
