<?xml version="1.0" encoding="UTF-8"?>
<!-- Generated by org.testng.reporters.JUnitXMLReporter -->
<testsuite ignored="1" hostname="LCO-2ZKW4M3" failures="0" tests="4" name="TestlevelV" time="0.144" errors="0" timestamp="2023-11-03T17:44:34 COT">
  <testcase classname="Seccion16.V139AnnotationsHelpers" name="MobilesignoutboatLoan" time="0.019"/>
  <testcase classname="Seccion16.V139AnnotationsHelpers" name="WebloginBoatLoan" time="0.001"/>
  <testcase classname="Seccion16.V139AnnotationsHelpers" name="mparametro" time="0.002"/>
  <testcase classname="Seccion16.V139AnnotationsHelpers" name="APIboatLoan" time="0.002"/>
  <testcase classname="Seccion16.V139AnnotationsHelpers" name="metodoEnabled" time="0.0">
    <ignored/>
  </testcase> <!-- metodoEnabled -->
</testsuite> <!-- TestlevelV -->
