<?xml version="1.0" encoding="UTF-8"?>
<!-- Generated by org.testng.reporters.JUnitXMLReporter -->
<testsuite ignored="1" hostname="LCO-2ZKW4M3" failures="0" tests="2" name="Submit Order Test" time="41.248" errors="0" timestamp="2023-11-24T17:07:17 COT">
  <testcase classname="rahultshettyacademy.test.SubmitOrderTest" name="submitOrder" time="4.372"/>
  <testcase classname="rahultshettyacademy.test.SubmitOrderTest" name="submitOrder" time="5.369"/>
  <testcase classname="rahultshettyacademy.test.SubmitOrderTest" name="OrderHistoryTest" time="0.0">
    <ignored/>
  </testcase> <!-- OrderHistoryTest -->
</testsuite> <!-- Submit Order Test -->
