<?xml version="1.0" encoding="UTF-8"?>
<testng-results ignored="0" total="3" passed="3" failed="0" skipped="0">
  <reporter-output>
  </reporter-output>
  <suite started-at="2023-11-29T16:01:26 COT" name="Suite" finished-at="2023-11-29T16:02:38 COT" duration-ms="72441">
    <groups>
    </groups>
    <test started-at="2023-11-29T16:01:26 COT" name="testBuscarHorasTrabajo" finished-at="2023-11-29T16:01:40 COT" duration-ms="14105">
      <class name="challenge3.PaginaTimeTest">
        <test-method is-config="true" signature="setUp()[pri:0, instance:challenge3.PaginaTimeTest@55a147cc]" started-at="2023-11-29T16:01:26 COT" name="setUp" finished-at="2023-11-29T16:01:37 COT" duration-ms="10991" status="PASS">
          <reporter-output>
          </reporter-output>
        </test-method> <!-- setUp -->
        <test-method signature="testBuscarHorasTrabajo()[pri:0, instance:challenge3.PaginaTimeTest@55a147cc]" started-at="2023-11-29T16:01:37 COT" name="testBuscarHorasTrabajo" finished-at="2023-11-29T16:01:40 COT" duration-ms="2730" status="PASS">
          <reporter-output>
          </reporter-output>
        </test-method> <!-- testBuscarHorasTrabajo -->
        <test-method is-config="true" signature="tearDown()[pri:0, instance:challenge3.PaginaTimeTest@55a147cc]" started-at="2023-11-29T16:01:40 COT" name="tearDown" finished-at="2023-11-29T16:01:40 COT" duration-ms="304" status="PASS">
          <reporter-output>
          </reporter-output>
        </test-method> <!-- tearDown -->
      </class> <!-- challenge3.PaginaTimeTest -->
    </test> <!-- testBuscarHorasTrabajo -->
    <test started-at="2023-11-29T16:01:40 COT" name="testIngresarHorasTrabajadas" finished-at="2023-11-29T16:02:24 COT" duration-ms="44277">
      <class name="challenge3.PaginaTimeTest">
        <test-method is-config="true" signature="setUp()[pri:0, instance:challenge3.PaginaTimeTest@795509d9]" started-at="2023-11-29T16:01:40 COT" name="setUp" finished-at="2023-11-29T16:02:00 COT" duration-ms="19822" status="PASS">
          <reporter-output>
          </reporter-output>
        </test-method> <!-- setUp -->
        <test-method signature="testIngresarHorasTrabajadas()[pri:0, instance:challenge3.PaginaTimeTest@795509d9]" started-at="2023-11-29T16:02:00 COT" name="testIngresarHorasTrabajadas" finished-at="2023-11-29T16:02:24 COT" duration-ms="24074" status="PASS">
          <reporter-output>
          </reporter-output>
        </test-method> <!-- testIngresarHorasTrabajadas -->
        <test-method is-config="true" signature="tearDown()[pri:0, instance:challenge3.PaginaTimeTest@795509d9]" started-at="2023-11-29T16:02:24 COT" name="tearDown" finished-at="2023-11-29T16:02:24 COT" duration-ms="375" status="PASS">
          <reporter-output>
          </reporter-output>
        </test-method> <!-- tearDown -->
      </class> <!-- challenge3.PaginaTimeTest -->
    </test> <!-- testIngresarHorasTrabajadas -->
    <test started-at="2023-11-29T16:02:24 COT" name="testEliminarRegistroHorasProyecto" finished-at="2023-11-29T16:02:38 COT" duration-ms="14001">
      <class name="challenge3.PaginaTimeTest">
        <test-method is-config="true" signature="setUp()[pri:0, instance:challenge3.PaginaTimeTest@5149d738]" started-at="2023-11-29T16:02:25 COT" name="setUp" finished-at="2023-11-29T16:02:33 COT" duration-ms="8716" status="PASS">
          <reporter-output>
          </reporter-output>
        </test-method> <!-- setUp -->
        <test-method signature="testEliminarRegistroHorasProyecto()[pri:0, instance:challenge3.PaginaTimeTest@5149d738]" started-at="2023-11-29T16:02:33 COT" name="testEliminarRegistroHorasProyecto" finished-at="2023-11-29T16:02:38 COT" duration-ms="4962" status="PASS">
          <reporter-output>
          </reporter-output>
        </test-method> <!-- testEliminarRegistroHorasProyecto -->
        <test-method is-config="true" signature="tearDown()[pri:0, instance:challenge3.PaginaTimeTest@5149d738]" started-at="2023-11-29T16:02:38 COT" name="tearDown" finished-at="2023-11-29T16:02:38 COT" duration-ms="316" status="PASS">
          <reporter-output>
          </reporter-output>
        </test-method> <!-- tearDown -->
      </class> <!-- challenge3.PaginaTimeTest -->
    </test> <!-- testEliminarRegistroHorasProyecto -->
  </suite> <!-- Suite -->
</testng-results>
