<?xml version="1.0" encoding="UTF-8"?>
<testng-results ignored="0" total="1" passed="1" failed="0" skipped="0">
  <reporter-output>
  </reporter-output>
  <suite started-at="2023-11-07T11:14:34 COT" name="Default suite" finished-at="2023-11-07T11:14:34 COT" duration-ms="90">
    <groups>
    </groups>
    <test started-at="2023-11-07T11:14:34 COT" name="Default test" finished-at="2023-11-07T11:14:34 COT" duration-ms="90">
      <class name="Sesion17.HijoPs1">
        <test-method is-config="true" signature="beforeRun()[pri:0, instance:Sesion17.HijoPs1@35aea049]" started-at="2023-11-07T11:14:34 COT" name="beforeRun" finished-at="2023-11-07T11:14:34 COT" duration-ms="9" status="PASS">
          <reporter-output>
          </reporter-output>
        </test-method> <!-- beforeRun -->
        <test-method signature="testRun()[pri:0, instance:Sesion17.HijoPs1@35aea049]" started-at="2023-11-07T11:14:34 COT" name="testRun" finished-at="2023-11-07T11:14:34 COT" duration-ms="11" status="PASS">
          <reporter-output>
          </reporter-output>
        </test-method> <!-- testRun -->
        <test-method is-config="true" signature="AfterRun()[pri:0, instance:Sesion17.HijoPs1@35aea049]" started-at="2023-11-07T11:14:34 COT" name="AfterRun" finished-at="2023-11-07T11:14:34 COT" duration-ms="1" status="PASS">
          <reporter-output>
          </reporter-output>
        </test-method> <!-- AfterRun -->
      </class> <!-- Sesion17.HijoPs1 -->
    </test> <!-- Default test -->
  </suite> <!-- Default suite -->
</testng-results>
