<?xml version="1.0" encoding="UTF-8"?>
<!-- Generated by org.testng.reporters.JUnitXMLReporter -->
<testsuite ignored="2" hostname="LCO-2ZKW4M3" failures="0" tests="1" name="Test" time="24.844" errors="0" timestamp="2023-11-28T18:07:11 COT">
  <testcase classname="challenge3.PaginaAdminTest" name="testEditarUsuario" time="5.394"/>
  <testcase classname="challenge3.PaginaAdminTest" name="testEliminarUsuario" time="0.0">
    <ignored/>
  </testcase> <!-- testEliminarUsuario -->
  <testcase classname="challenge3.PaginaAdminTest" name="testCrearUsuario" time="0.0">
    <ignored/>
  </testcase> <!-- testCrearUsuario -->
</testsuite> <!-- Test -->
