<?xml version="1.0" encoding="UTF-8"?>
<!-- Generated by org.testng.reporters.JUnitXMLReporter -->
<testsuite ignored="2" hostname="LCO-2ZKW4M3" failures="0" tests="1" name="testBuscarHorasTrabajo" time="14.105" errors="0" timestamp="2023-11-29T16:01:40 COT">
  <testcase classname="challenge3.PaginaTimeTest" name="testBuscarHorasTrabajo" time="2.73"/>
  <testcase classname="challenge3.PaginaTimeTest" name="testEliminarRegistroHorasProyecto" time="0.0">
    <ignored/>
  </testcase> <!-- testEliminarRegistroHorasProyecto -->
  <testcase classname="challenge3.PaginaTimeTest" name="testIngresarHorasTrabajadas" time="0.0">
    <ignored/>
  </testcase> <!-- testIngresarHorasTrabajadas -->
</testsuite> <!-- testBuscarHorasTrabajo -->
