<?xml version="1.0" encoding="UTF-8"?>
<testng-results ignored="1" total="9" passed="8" failed="0" skipped="0">
  <reporter-output>
  </reporter-output>
  <suite started-at="2023-11-03T17:44:33 COT" name="Suite" finished-at="2023-11-03T17:44:33 COT" duration-ms="144">
    <groups>
    </groups>
    <test started-at="2023-11-03T17:44:33 COT" name="TestlevelV" finished-at="2023-11-03T17:44:33 COT" duration-ms="144">
      <class name="Seccion16.V139AnnotationsHelpers">
        <test-method signature="MobilesignoutboatLoan()[pri:0, instance:Seccion16.V139AnnotationsHelpers@6fdbe764]" started-at="2023-11-03T17:44:33 COT" name="MobilesignoutboatLoan" finished-at="2023-11-03T17:44:33 COT" duration-ms="19" status="PASS">
          <reporter-output>
          </reporter-output>
        </test-method> <!-- MobilesignoutboatLoan -->
        <test-method signature="WebloginBoatLoan()[pri:0, instance:Seccion16.V139AnnotationsHelpers@6fdbe764]" started-at="2023-11-03T17:44:33 COT" name="WebloginBoatLoan" finished-at="2023-11-03T17:44:33 COT" duration-ms="1" status="PASS">
          <reporter-output>
          </reporter-output>
        </test-method> <!-- WebloginBoatLoan -->
        <test-method signature="mparametro(java.lang.String)[pri:0, instance:Seccion16.V139AnnotationsHelpers@6fdbe764]" started-at="2023-11-03T17:44:33 COT" name="mparametro" finished-at="2023-11-03T17:44:33 COT" duration-ms="2" status="PASS">
          <params>
            <param index="0">
              <value>
                <![CDATA[www.youtube.com]]>
              </value>
            </param>
          </params>
          <reporter-output>
          </reporter-output>
        </test-method> <!-- mparametro -->
        <test-method signature="APIboatLoan()[pri:0, instance:Seccion16.V139AnnotationsHelpers@6fdbe764]" started-at="2023-11-03T17:44:33 COT" name="APIboatLoan" finished-at="2023-11-03T17:44:33 COT" depends-on-methods="Seccion16.V139AnnotationsHelpers.WebloginBoatLoan, Seccion16.V139AnnotationsHelpers.MobilesignoutboatLoan" duration-ms="2" status="PASS">
          <reporter-output>
          </reporter-output>
        </test-method> <!-- APIboatLoan -->
      </class> <!-- Seccion16.V139AnnotationsHelpers -->
    </test> <!-- TestlevelV -->
    <test started-at="2023-11-03T17:44:33 COT" name="test141" finished-at="2023-11-03T17:44:33 COT" duration-ms="144">
      <class name="Seccion16.V142DataProviderAnnotationParteDos">
        <test-method signature="MobilesignoutcarLoan(java.lang.String,java.lang.String)[pri:0, instance:Seccion16.V142DataProviderAnnotationParteDos@2f217633]" started-at="2023-11-03T17:44:33 COT" name="MobilesignoutcarLoan" data-provider="getData" finished-at="2023-11-03T17:44:33 COT" duration-ms="15" status="PASS">
          <params>
            <param index="0">
              <value>
                <![CDATA[firstsetusername]]>
              </value>
            </param>
            <param index="1">
              <value>
                <![CDATA[firstpassword]]>
              </value>
            </param>
          </params>
          <reporter-output>
          </reporter-output>
        </test-method> <!-- MobilesignoutcarLoan -->
        <test-method signature="MobilesignoutcarLoan(java.lang.String,java.lang.String)[pri:0, instance:Seccion16.V142DataProviderAnnotationParteDos@2f217633]" started-at="2023-11-03T17:44:33 COT" name="MobilesignoutcarLoan" data-provider="getData" finished-at="2023-11-03T17:44:33 COT" duration-ms="2" status="PASS">
          <params>
            <param index="0">
              <value>
                <![CDATA[secondsetusername]]>
              </value>
            </param>
            <param index="1">
              <value>
                <![CDATA[secondpassword]]>
              </value>
            </param>
          </params>
          <reporter-output>
          </reporter-output>
        </test-method> <!-- MobilesignoutcarLoan -->
        <test-method signature="MobilesignoutcarLoan(java.lang.String,java.lang.String)[pri:0, instance:Seccion16.V142DataProviderAnnotationParteDos@2f217633]" started-at="2023-11-03T17:44:33 COT" name="MobilesignoutcarLoan" data-provider="getData" finished-at="2023-11-03T17:44:33 COT" duration-ms="1" status="PASS">
          <params>
            <param index="0">
              <value>
                <![CDATA[thirdsetusername]]>
              </value>
            </param>
            <param index="1">
              <value>
                <![CDATA[thirdpassword]]>
              </value>
            </param>
          </params>
          <reporter-output>
          </reporter-output>
        </test-method> <!-- MobilesignoutcarLoan -->
        <test-method signature="APIcarLoan()[pri:0, instance:Seccion16.V142DataProviderAnnotationParteDos@2f217633]" started-at="2023-11-03T17:44:33 COT" name="APIcarLoan" finished-at="2023-11-03T17:44:33 COT" depends-on-methods="Seccion16.V142DataProviderAnnotationParteDos.MobilesignoutcarLoan" duration-ms="1" status="PASS">
          <reporter-output>
          </reporter-output>
        </test-method> <!-- APIcarLoan -->
      </class> <!-- Seccion16.V142DataProviderAnnotationParteDos -->
    </test> <!-- test141 -->
  </suite> <!-- Suite -->
</testng-results>
