<?xml version="1.0" encoding="UTF-8"?>
<!-- Generated by org.testng.reporters.JUnitXMLReporter -->
<testsuite ignored="3" hostname="LCO-2ZKW4M3" failures="0" tests="1" name="testEliminarUsuario" time="11.371" errors="0" timestamp="2023-11-29T16:00:45 COT">
  <testcase classname="challenge3.PaginaPIMTest" name="testEliminarUsuario" time="1.868"/>
  <testcase classname="challenge3.PaginaPIMTest" name="testBuscarUsuario" time="0.0">
    <ignored/>
  </testcase> <!-- testBuscarUsuario -->
  <testcase classname="challenge3.PaginaPIMTest" name="testCrearUsuario" time="0.0">
    <ignored/>
  </testcase> <!-- testCrearUsuario -->
  <testcase classname="challenge3.PaginaPIMTest" name="testEditarUsuario" time="0.0">
    <ignored/>
  </testcase> <!-- testEditarUsuario -->
</testsuite> <!-- testEliminarUsuario -->
