<?xml version="1.0" encoding="UTF-8"?>
<!-- Generated by org.testng.reporters.JUnitXMLReporter -->
<testsuite ignored="2" hostname="LCO-2ZKW4M3" failures="0" tests="1" name="testIngresarHorasTrabajadas" time="44.277" errors="0" timestamp="2023-11-29T16:02:24 COT">
  <testcase classname="challenge3.PaginaTimeTest" name="testIngresarHorasTrabajadas" time="24.074"/>
  <testcase classname="challenge3.PaginaTimeTest" name="testBuscarHorasTrabajo" time="0.0">
    <ignored/>
  </testcase> <!-- testBuscarHorasTrabajo -->
  <testcase classname="challenge3.PaginaTimeTest" name="testEliminarRegistroHorasProyecto" time="0.0">
    <ignored/>
  </testcase> <!-- testEliminarRegistroHorasProyecto -->
</testsuite> <!-- testIngresarHorasTrabajadas -->
