<?xml version="1.0" encoding="UTF-8"?>
<!-- Generated by org.testng.reporters.JUnitXMLReporter -->
<testsuite ignored="3" hostname="LCO-2ZKW4M3" failures="0" tests="1" name="TestEditarUsuario" time="16.263" errors="0" timestamp="2023-11-29T16:00:33 COT">
  <testcase classname="challenge3.PaginaPIMTest" name="testEditarUsuario" time="5.731"/>
  <testcase classname="challenge3.PaginaPIMTest" name="testBuscarUsuario" time="0.0">
    <ignored/>
  </testcase> <!-- testBuscarUsuario -->
  <testcase classname="challenge3.PaginaPIMTest" name="testEliminarUsuario" time="0.0">
    <ignored/>
  </testcase> <!-- testEliminarUsuario -->
  <testcase classname="challenge3.PaginaPIMTest" name="testCrearUsuario" time="0.0">
    <ignored/>
  </testcase> <!-- testCrearUsuario -->
</testsuite> <!-- TestEditarUsuario -->
