<?xml version="1.0" encoding="UTF-8"?>
<!-- Generated by org.testng.reporters.JUnitXMLReporter -->
<testsuite ignored="5" hostname="LCO-2ZKW4M3" failures="0" tests="1" name="testRejectVac" time="12.333" errors="0" timestamp="2023-11-29T15:49:20 COT">
  <testcase classname="challenge3.PaginaLeaveTest" name="testRejectVac" time="2.168"/>
  <testcase classname="challenge3.PaginaLeaveTest" name="testAddEntitlementMultiple" time="0.0">
    <ignored/>
  </testcase> <!-- testAddEntitlementMultiple -->
  <testcase classname="challenge3.PaginaLeaveTest" name="testbuscarVac" time="0.0">
    <ignored/>
  </testcase> <!-- testbuscarVac -->
  <testcase classname="challenge3.PaginaLeaveTest" name="testAddEntitlementIndivual" time="0.0">
    <ignored/>
  </testcase> <!-- testAddEntitlementIndivual -->
  <testcase classname="challenge3.PaginaLeaveTest" name="testAprobarVac" time="0.0">
    <ignored/>
  </testcase> <!-- testAprobarVac -->
  <testcase classname="challenge3.PaginaLeaveTest" name="testCreateLeavePeriod" time="0.0">
    <ignored/>
  </testcase> <!-- testCreateLeavePeriod -->
</testsuite> <!-- testRejectVac -->
