<?xml version="1.0" encoding="UTF-8"?>
<!-- Generated by org.testng.reporters.JUnitXMLReporter -->
<testsuite ignored="2" hostname="LCO-2ZKW4M3" failures="0" tests="1" name="testEliminarRegistroHorasProyecto" time="14.001" errors="0" timestamp="2023-11-29T16:02:39 COT">
  <testcase classname="challenge3.PaginaTimeTest" name="testEliminarRegistroHorasProyecto" time="4.962"/>
  <testcase classname="challenge3.PaginaTimeTest" name="testIngresarHorasTrabajadas" time="0.0">
    <ignored/>
  </testcase> <!-- testIngresarHorasTrabajadas -->
  <testcase classname="challenge3.PaginaTimeTest" name="testBuscarHorasTrabajo" time="0.0">
    <ignored/>
  </testcase> <!-- testBuscarHorasTrabajo -->
</testsuite> <!-- testEliminarRegistroHorasProyecto -->
