<?xml version="1.0" encoding="UTF-8"?>
<!-- Generated by org.testng.reporters.JUnitXMLReporter -->
<testsuite ignored="5" hostname="LCO-2ZKW4M3" failures="0" tests="1" name="testAddEntitlementIndivual" time="15.848" errors="0" timestamp="2023-11-29T15:48:29 COT">
  <testcase classname="challenge3.PaginaLeaveTest" name="testAddEntitlementIndivual" time="4.924"/>
  <testcase classname="challenge3.PaginaLeaveTest" name="testbuscarVac" time="0.0">
    <ignored/>
  </testcase> <!-- testbuscarVac -->
  <testcase classname="challenge3.PaginaLeaveTest" name="testAddEntitlementMultiple" time="0.0">
    <ignored/>
  </testcase> <!-- testAddEntitlementMultiple -->
  <testcase classname="challenge3.PaginaLeaveTest" name="testRejectVac" time="0.0">
    <ignored/>
  </testcase> <!-- testRejectVac -->
  <testcase classname="challenge3.PaginaLeaveTest" name="testCreateLeavePeriod" time="0.0">
    <ignored/>
  </testcase> <!-- testCreateLeavePeriod -->
  <testcase classname="challenge3.PaginaLeaveTest" name="testAprobarVac" time="0.0">
    <ignored/>
  </testcase> <!-- testAprobarVac -->
</testsuite> <!-- testAddEntitlementIndivual -->
