<?xml version="1.0" encoding="UTF-8"?>
<!-- Generated by org.testng.reporters.JUnitXMLReporter -->
<testsuite ignored="0" hostname="LCO-2ZKW4M3" failures="0" tests="2" name="Error Validationt" time="38.044" errors="0" timestamp="2023-11-10T12:07:52 COT">
  <testcase classname="rahultshettyacademy.test.ErrorValidationsTest" name="LoginErrorValidation" time="0.833"/>
  <testcase classname="rahultshettyacademy.test.ErrorValidationsTest" name="ProductErrorValidation" time="3.463"/>
</testsuite> <!-- Error Validationt -->
