<?xml version="1.0" encoding="UTF-8"?>
<testng-results ignored="0" total="1" passed="1" failed="0" skipped="0">
  <reporter-output>
  </reporter-output>
  <suite started-at="2023-11-03T20:47:51 COT" name="Default suite" finished-at="2023-11-03T20:47:51 COT" duration-ms="145">
    <groups>
    </groups>
    <test started-at="2023-11-03T20:47:51 COT" name="Default test" finished-at="2023-11-03T20:47:51 COT" duration-ms="145">
      <class name="seccion17.PS1">
        <test-method is-config="true" signature="beforeRun()[pri:0, instance:seccion17.PS1@506ae4d4]" started-at="2023-11-03T20:47:51 COT" name="beforeRun" finished-at="2023-11-03T20:47:51 COT" duration-ms="12" status="PASS">
          <reporter-output>
          </reporter-output>
        </test-method> <!-- beforeRun -->
        <test-method signature="testRun()[pri:0, instance:seccion17.PS1@506ae4d4]" started-at="2023-11-03T20:47:51 COT" name="testRun" finished-at="2023-11-03T20:47:51 COT" duration-ms="10" status="PASS">
          <reporter-output>
          </reporter-output>
        </test-method> <!-- testRun -->
        <test-method is-config="true" signature="afterRun()[pri:0, instance:seccion17.PS1@506ae4d4]" started-at="2023-11-03T20:47:51 COT" name="afterRun" finished-at="2023-11-03T20:47:51 COT" duration-ms="0" status="PASS">
          <reporter-output>
          </reporter-output>
        </test-method> <!-- afterRun -->
      </class> <!-- seccion17.PS1 -->
    </test> <!-- Default test -->
  </suite> <!-- Default suite -->
</testng-results>
