<?xml version="1.0" encoding="UTF-8"?>
<!-- Generated by org.testng.reporters.JUnitXMLReporter -->
<testsuite ignored="0" hostname="LCO-PF25Q7P7" failures="0" tests="9" name="Test" time="0.086" errors="0" timestamp="2023-11-02T06:20:59 COT">
  <testcase classname="Sesion16.day1" name="demo" time="0.009"/>
  <testcase classname="Sesion16.day1" name="secondTest" time="0.002"/>
  <testcase classname="Sesion16.day2" name="prueba3" time="0.001"/>
  <testcase classname="Sesion16.day3" name="LoginAPIHomecarLoan" time="0.002"/>
  <testcase classname="Sesion16.day3" name="MobileLogincarLoan" time="0.001"/>
  <testcase classname="Sesion16.day3" name="weblogincar" time="0.002"/>
  <testcase classname="Sesion16.day4" name="LoginAPIHomecar" time="0.001"/>
  <testcase classname="Sesion16.day4" name="MobileLoginhome" time="0.001"/>
  <testcase classname="Sesion16.day4" name="webhomelogin" time="0.001"/>
</testsuite> <!-- Test -->
