<?xml version="1.0" encoding="UTF-8"?>
<testng-results ignored="1" total="11" passed="10" failed="0" skipped="0">
  <reporter-output>
  </reporter-output>
  <suite started-at="2023-11-03T10:53:19 COT" name="Default suite" finished-at="2023-11-03T10:53:19 COT" duration-ms="68">
    <groups>
    </groups>
    <test started-at="2023-11-03T10:53:19 COT" name="Default test" finished-at="2023-11-03T10:53:19 COT" duration-ms="68">
      <class name="Sesion16.day3">
        <test-method is-config="true" signature="rapido()[pri:0, instance:Sesion16.day3@27f981c6]" started-at="2023-11-03T10:53:19 COT" name="rapido" finished-at="2023-11-03T10:53:19 COT" duration-ms="7" status="PASS">
          <reporter-output>
          </reporter-output>
        </test-method> <!-- rapido -->
        <test-method signature="MobileLogincarLoan()[pri:0, instance:Sesion16.day3@27f981c6]" started-at="2023-11-03T10:53:19 COT" name="MobileLogincarLoan" finished-at="2023-11-03T10:53:19 COT" duration-ms="4" status="PASS">
          <reporter-output>
          </reporter-output>
        </test-method> <!-- MobileLogincarLoan -->
        <test-method signature="weblogincartLoart()[pri:0, instance:Sesion16.day3@27f981c6]" started-at="2023-11-03T10:53:19 COT" name="weblogincartLoart" finished-at="2023-11-03T10:53:19 COT" duration-ms="1" status="PASS">
          <reporter-output>
          </reporter-output>
        </test-method> <!-- weblogincartLoart -->
        <test-method signature="LoginAPIHomecarLoan()[pri:0, instance:Sesion16.day3@27f981c6]" started-at="2023-11-03T10:53:19 COT" name="LoginAPIHomecarLoan" finished-at="2023-11-03T10:53:19 COT" duration-ms="2" status="PASS">
          <reporter-output>
          </reporter-output>
        </test-method> <!-- LoginAPIHomecarLoan -->
        <test-method signature="MobileSingOutCarLoan(java.lang.String,java.lang.String)[pri:0, instance:Sesion16.day3@27f981c6]" started-at="2023-11-03T10:53:19 COT" name="MobileSingOutCarLoan" data-provider="getData" finished-at="2023-11-03T10:53:19 COT" duration-ms="2" status="PASS">
          <params>
            <param index="0">
              <value>
                <![CDATA[primerusuario]]>
              </value>
            </param>
            <param index="1">
              <value>
                <![CDATA[primerpassword]]>
              </value>
            </param>
          </params>
          <reporter-output>
          </reporter-output>
        </test-method> <!-- MobileSingOutCarLoan -->
        <test-method signature="MobileSingOutCarLoan(java.lang.String,java.lang.String)[pri:0, instance:Sesion16.day3@27f981c6]" started-at="2023-11-03T10:53:19 COT" name="MobileSingOutCarLoan" data-provider="getData" finished-at="2023-11-03T10:53:19 COT" duration-ms="1" status="PASS">
          <params>
            <param index="0">
              <value>
                <![CDATA[segundousuario]]>
              </value>
            </param>
            <param index="1">
              <value>
                <![CDATA[segundopassword]]>
              </value>
            </param>
          </params>
          <reporter-output>
          </reporter-output>
        </test-method> <!-- MobileSingOutCarLoan -->
        <test-method signature="MobileSingOutCarLoan(java.lang.String,java.lang.String)[pri:0, instance:Sesion16.day3@27f981c6]" started-at="2023-11-03T10:53:19 COT" name="MobileSingOutCarLoan" data-provider="getData" finished-at="2023-11-03T10:53:19 COT" duration-ms="1" status="PASS">
          <params>
            <param index="0">
              <value>
                <![CDATA[tercerusuario]]>
              </value>
            </param>
            <param index="1">
              <value>
                <![CDATA[tercerpassword]]>
              </value>
            </param>
          </params>
          <reporter-output>
          </reporter-output>
        </test-method> <!-- MobileSingOutCarLoan -->
        <test-method signature="MobileSingOutLoad()[pri:0, instance:Sesion16.day3@27f981c6]" started-at="2023-11-03T10:53:19 COT" name="MobileSingOutLoad" finished-at="2023-11-03T10:53:19 COT" duration-ms="2" status="PASS">
          <reporter-output>
          </reporter-output>
        </test-method> <!-- MobileSingOutLoad -->
        <test-method signature="rapido()[pri:0, instance:Sesion16.day3@27f981c6]" started-at="2023-11-03T10:53:19 COT" name="rapido" finished-at="2023-11-03T10:53:19 COT" duration-ms="1" status="PASS">
          <reporter-output>
          </reporter-output>
        </test-method> <!-- rapido -->
        <test-method signature="weblogincar()[pri:0, instance:Sesion16.day3@27f981c6]" started-at="2023-11-03T10:53:19 COT" name="weblogincar" finished-at="2023-11-03T10:53:19 COT" duration-ms="1" status="PASS">
          <reporter-output>
          </reporter-output>
        </test-method> <!-- weblogincar -->
        <test-method signature="APICarLoan()[pri:0, instance:Sesion16.day3@27f981c6]" started-at="2023-11-03T10:53:19 COT" name="APICarLoan" finished-at="2023-11-03T10:53:19 COT" depends-on-methods="Sesion16.day3.weblogincartLoart" duration-ms="1" status="PASS">
          <reporter-output>
          </reporter-output>
        </test-method> <!-- APICarLoan -->
      </class> <!-- Sesion16.day3 -->
    </test> <!-- Default test -->
  </suite> <!-- Default suite -->
</testng-results>
